<?xml version="1.0" encoding="UTF-8"?>
<testsuite xmlns:xsi="http://www.w3.org/2001/XMLSchema-instance" xsi:schemaLocation="https://maven.apache.org/surefire/maven-surefire-plugin/xsd/surefire-test-report.xsd" name="br.com.itau.transacao_financeira.application.useCase.RealizarTransacoesUCTest" time="0.05" tests="6" errors="0" skipped="0" failures="0">
  <properties>
[...]
</properties>
  <testcase name="testErroOrigemInexistente" classname="br.com.itau.transacao_financeira.application.useCase.RealizarTransacoesUCTest" time="0.03"/>
  <testcase name="testErroDestinoInexistente" classname="br.com.itau.transacao_financeira.application.useCase.RealizarTransacoesUCTest" time="0.002"/>
  <testcase name="testErro" classname="br.com.itau.transacao_financeira.application.useCase.RealizarTransacoesUCTest" time="0.004"/>
  <testcase name="testListaNula" classname="br.com.itau.transacao_financeira.application.useCase.RealizarTransacoesUCTest" time="0.002"/>
  <testcase name="testListaVazia" classname="br.com.itau.transacao_financeira.application.useCase.RealizarTransacoesUCTest" time="0.001"/>
  <testcase name="testSucesso" classname="br.com.itau.transacao_financeira.application.useCase.RealizarTransacoesUCTest" time="0.004"/>
</testsuite>